<?xml version="1.0" encoding="UTF-8"?>
<!-- Generated by org.testng.reporters.JUnitReportReporter -->
<testsuite hostname="LAPTOP-4P8OOT6N" failures="0" tests="1" name="com.udemy.seleniumdesign.test.template.ShoppingTest" time="0.000" errors="0" timestamp="2024-06-10T00:01:55 IST" skipped="1">
  <testcase classname="com.udemy.seleniumdesign.test.template.ShoppingTest" name="shoppingTest" time="0.000">
    <skipped/>
  </testcase> <!-- shoppingTest -->
  <system-out/>
</testsuite> <!-- com.udemy.seleniumdesign.test.template.ShoppingTest -->
