<?xml version="1.0" encoding="UTF-8"?>
<!-- Generated by org.testng.reporters.JUnitReportReporter -->
<testsuite hostname="LAPTOP-4P8OOT6N" failures="0" tests="3" name="com.udemy.seleniumdesign.test.strategy.EmiratesTest" time="0.000" errors="0" timestamp="2024-06-10T00:01:55 IST" skipped="3">
  <testcase classname="com.udemy.seleniumdesign.test.strategy.EmiratesTest" name="paymentTest" time="0.000">
    <skipped/>
  </testcase> <!-- paymentTest -->
  <system-out/>
  <testcase classname="com.udemy.seleniumdesign.test.strategy.EmiratesTest" name="paymentTest" time="0.000">
    <skipped/>
  </testcase> <!-- paymentTest -->
  <system-out/>
  <testcase classname="com.udemy.seleniumdesign.test.strategy.EmiratesTest" name="paymentTest" time="0.000">
    <skipped/>
  </testcase> <!-- paymentTest -->
  <system-out/>
</testsuite> <!-- com.udemy.seleniumdesign.test.strategy.EmiratesTest -->
