<?xml version="1.0" encoding="UTF-8"?>
<!-- Generated by org.testng.reporters.JUnitReportReporter -->
<testsuite hostname="LAPTOP-4P8OOT6N" failures="0" tests="4" name="com.udemy.seleniumdesign.test.factory.GoogleSearchTest" time="0.000" errors="0" timestamp="2024-06-10T00:01:55 IST" skipped="4">
  <testcase classname="com.udemy.seleniumdesign.test.factory.GoogleSearchTest" name="searchTest" time="0.000">
    <skipped/>
  </testcase> <!-- searchTest -->
  <system-out/>
  <testcase classname="com.udemy.seleniumdesign.test.factory.GoogleSearchTest" name="searchTest" time="0.000">
    <skipped/>
  </testcase> <!-- searchTest -->
  <system-out/>
  <testcase classname="com.udemy.seleniumdesign.test.factory.GoogleSearchTest" name="searchTest" time="0.000">
    <skipped/>
  </testcase> <!-- searchTest -->
  <system-out/>
  <testcase classname="com.udemy.seleniumdesign.test.factory.GoogleSearchTest" name="searchTest" time="0.000">
    <skipped/>
  </testcase> <!-- searchTest -->
  <system-out/>
</testsuite> <!-- com.udemy.seleniumdesign.test.factory.GoogleSearchTest -->
